<?xml version="1.0" encoding="UTF-8"?>
<!-- Generated by org.testng.reporters.JUnitReportReporter -->
<testsuite hostname="LAPTOP-9T9V2Q1B" failures="0" tests="1" name="automation_Test.EndToEndTests_Form" time="29.796" errors="0" timestamp="2025-07-28T21:20:09 IST" skipped="0">
  <testcase classname="automation_Test.EndToEndTests_Form" name="Execution" time="29.796"/>
  <system-out/>
</testsuite> <!-- automation_Test.EndToEndTests_Form -->
